<?xml version="1.0" encoding="UTF-8"?>
<coverage generated="1762567306251" clover="3.2.0">
  <project timestamp="1762567306251" name="All files">
    <metrics statements="97" coveredstatements="94" conditionals="38" coveredconditionals="36" methods="26" coveredmethods="25" elements="161" coveredelements="155" complexity="0" loc="97" ncloc="97" packages="1" files="1" classes="1"/>
    <file name="Customers.jsx" path="C:\Users\admin\Documents\SWP391\SWP391\fe\src\pages\dealer\Customers\Customers.jsx">
      <metrics statements="97" coveredstatements="94" conditionals="38" coveredconditionals="36" methods="26" coveredmethods="25"/>
      <line num="34" count="1" type="stmt"/>
      <line num="35" count="1" type="stmt"/>
      <line num="36" count="1" type="stmt"/>
      <line num="38" count="1" type="stmt"/>
      <line num="39" count="86" type="stmt"/>
      <line num="40" count="86" type="stmt"/>
      <line num="41" count="86" type="stmt"/>
      <line num="42" count="86" type="stmt"/>
      <line num="43" count="86" type="stmt"/>
      <line num="44" count="86" type="stmt"/>
      <line num="45" count="86" type="stmt"/>
      <line num="48" count="86" type="stmt"/>
      <line num="49" count="86" type="stmt"/>
      <line num="51" count="86" type="stmt"/>
      <line num="52" count="86" type="stmt"/>
      <line num="55" count="86" type="stmt"/>
      <line num="56" count="38" type="stmt"/>
      <line num="57" count="38" type="stmt"/>
      <line num="59" count="38" type="cond" truecount="2" falsecount="0"/>
      <line num="60" count="37" type="stmt"/>
      <line num="61" count="37" type="stmt"/>
      <line num="64" count="1" type="stmt"/>
      <line num="65" count="3" type="stmt"/>
      <line num="73" count="1" type="stmt"/>
      <line num="77" count="86" type="stmt"/>
      <line num="78" count="5" type="stmt"/>
      <line num="79" count="5" type="stmt"/>
      <line num="80" count="5" type="stmt"/>
      <line num="81" count="5" type="stmt"/>
      <line num="83" count="5" type="cond" truecount="2" falsecount="0"/>
      <line num="84" count="2" type="stmt"/>
      <line num="86" count="5" type="stmt"/>
      <line num="90" count="86" type="stmt"/>
      <line num="91" count="20" type="stmt"/>
      <line num="92" count="20" type="stmt"/>
      <line num="93" count="20" type="stmt"/>
      <line num="98" count="19" type="stmt"/>
      <line num="99" count="15" type="stmt"/>
      <line num="102" count="19" type="stmt"/>
      <line num="103" count="19" type="stmt"/>
      <line num="104" count="19" type="cond" truecount="1" falsecount="1"/>
      <line num="106" count="1" type="stmt"/>
      <line num="108" count="20" type="stmt"/>
      <line num="112" count="86" type="stmt"/>
      <line num="113" count="17" type="cond" truecount="1" falsecount="1"/>
      <line num="118" count="86" type="stmt"/>
      <line num="119" count="36" type="stmt"/>
      <line num="124" count="86" type="stmt"/>
      <line num="126" count="5" type="stmt"/>
      <line num="135" count="5" type="stmt"/>
      <line num="137" count="5" type="stmt"/>
      <line num="138" count="5" type="cond" truecount="2" falsecount="0"/>
      <line num="140" count="3" type="stmt"/>
      <line num="141" count="1" type="stmt"/>
      <line num="144" count="2" type="stmt"/>
      <line num="145" count="1" type="stmt"/>
      <line num="147" count="2" type="stmt"/>
      <line num="148" count="2" type="stmt"/>
      <line num="149" count="2" type="stmt"/>
      <line num="150" count="2" type="stmt"/>
      <line num="152" count="3" type="stmt"/>
      <line num="161" count="86" type="stmt"/>
      <line num="162" count="2" type="stmt"/>
      <line num="163" count="2" type="stmt"/>
      <line num="164" count="1" type="stmt"/>
      <line num="165" count="1" type="stmt"/>
      <line num="167" count="1" type="stmt"/>
      <line num="172" count="86" type="stmt"/>
      <line num="173" count="3" type="stmt"/>
      <line num="174" count="3" type="stmt"/>
      <line num="175" count="3" type="stmt"/>
      <line num="182" count="86" type="stmt"/>
      <line num="183" count="3" type="stmt"/>
      <line num="187" count="86" type="cond" truecount="2" falsecount="0"/>
      <line num="188" count="2" type="stmt"/>
      <line num="192" count="86" type="stmt"/>
      <line num="201" count="23" type="stmt"/>
      <line num="215" count="23" type="stmt"/>
      <line num="228" count="23" type="stmt"/>
      <line num="239" count="3" type="stmt"/>
      <line num="247" count="2" type="stmt"/>
      <line num="265" count="3" type="stmt"/>
      <line num="276" count="86" type="stmt"/>
      <line num="287" count="86" type="cond" truecount="2" falsecount="0"/>
      <line num="288" count="18" type="stmt"/>
      <line num="290" count="68" type="stmt"/>
      <line num="305" count="2" type="stmt"/>
      <line num="314" count="4" type="stmt"/>
      <line num="315" count="4" type="stmt"/>
      <line num="316" count="4" type="stmt"/>
      <line num="328" count="38" type="stmt"/>
      <line num="337" count="2" type="stmt"/>
      <line num="347" count="1" type="stmt"/>
      <line num="359" count="0" type="stmt"/>
      <line num="360" count="0" type="stmt"/>
      <line num="361" count="0" type="stmt"/>
      <line num="363" count="6" type="stmt"/>
    </file>
  </project>
</coverage>
