{"C:\\Users\\admin\\Documents\\SWP391\\SWP391\\fe\\src\\pages\\dealer\\Customers\\Customers.jsx": {"path":"C:\\Users\\admin\\Documents\\SWP391\\SWP391\\fe\\src\\pages\\dealer\\Customers\\Customers.jsx","statementMap":{"0":{"start":{"line":34,"column":19},"end":{"line":34,"column":25}},"1":{"start":{"line":35,"column":18},"end":{"line":35,"column":28}},"2":{"start":{"line":36,"column":19},"end":{"line":36,"column":24}},"3":{"start":{"line":38,"column":18},"end":{"line":426,"column":1}},"4":{"start":{"line":39,"column":36},"end":{"line":39,"column":48}},"5":{"start":{"line":40,"column":30},"end":{"line":40,"column":42}},"6":{"start":{"line":41,"column":32},"end":{"line":41,"column":47}},"7":{"start":{"line":42,"column":36},"end":{"line":42,"column":51}},"8":{"start":{"line":43,"column":48},"end":{"line":43,"column":62}},"9":{"start":{"line":44,"column":50},"end":{"line":44,"column":64}},"10":{"start":{"line":45,"column":17},"end":{"line":45,"column":31}},"11":{"start":{"line":48,"column":38},"end":{"line":48,"column":50}},"12":{"start":{"line":49,"column":52},"end":{"line":49,"column":64}},"13":{"start":{"line":51,"column":18},"end":{"line":51,"column":61}},"14":{"start":{"line":52,"column":19},"end":{"line":52,"column":36}},"15":{"start":{"line":55,"column":23},"end":{"line":74,"column":3}},"16":{"start":{"line":56,"column":4},"end":{"line":56,"column":25}},"17":{"start":{"line":57,"column":27},"end":{"line":57,"column":46}},"18":{"start":{"line":59,"column":4},"end":{"line":62,"column":5}},"19":{"start":{"line":60,"column":6},"end":{"line":60,"column":38}},"20":{"start":{"line":61,"column":6},"end":{"line":61,"column":13}},"21":{"start":{"line":64,"column":21},"end":{"line":71,"column":6}},"22":{"start":{"line":65,"column":6},"end":{"line":70,"column":8}},"23":{"start":{"line":73,"column":4},"end":{"line":73,"column":35}},"24":{"start":{"line":77,"column":23},"end":{"line":87,"column":3}},"25":{"start":{"line":78,"column":20},"end":{"line":78,"column":34}},"26":{"start":{"line":79,"column":4},"end":{"line":79,"column":23}},"27":{"start":{"line":80,"column":4},"end":{"line":80,"column":29}},"28":{"start":{"line":81,"column":4},"end":{"line":81,"column":29}},"29":{"start":{"line":83,"column":4},"end":{"line":85,"column":5}},"30":{"start":{"line":84,"column":6},"end":{"line":84,"column":24}},"31":{"start":{"line":86,"column":4},"end":{"line":86,"column":19}},"32":{"start":{"line":90,"column":33},"end":{"line":110,"column":3}},"33":{"start":{"line":91,"column":4},"end":{"line":109,"column":5}},"34":{"start":{"line":92,"column":6},"end":{"line":92,"column":23}},"35":{"start":{"line":93,"column":33},"end":{"line":96,"column":8}},"36":{"start":{"line":98,"column":36},"end":{"line":100,"column":7}},"37":{"start":{"line":99,"column":15},"end":{"line":99,"column":38}},"38":{"start":{"line":102,"column":6},"end":{"line":102,"column":42}},"39":{"start":{"line":103,"column":6},"end":{"line":103,"column":50}},"40":{"start":{"line":104,"column":6},"end":{"line":104,"column":32}},"41":{"start":{"line":106,"column":6},"end":{"line":106,"column":59}},"42":{"start":{"line":108,"column":6},"end":{"line":108,"column":24}},"43":{"start":{"line":112,"column":2},"end":{"line":115,"column":17}},"44":{"start":{"line":113,"column":4},"end":{"line":113,"column":43}},"45":{"start":{"line":113,"column":18},"end":{"line":113,"column":43}},"46":{"start":{"line":118,"column":2},"end":{"line":121,"column":18}},"47":{"start":{"line":119,"column":4},"end":{"line":119,"column":29}},"48":{"start":{"line":124,"column":23},"end":{"line":158,"column":3}},"49":{"start":{"line":126,"column":24},"end":{"line":132,"column":5}},"50":{"start":{"line":135,"column":25},"end":{"line":135,"column":50}},"51":{"start":{"line":137,"column":4},"end":{"line":157,"column":5}},"52":{"start":{"line":138,"column":6},"end":{"line":146,"column":7}},"53":{"start":{"line":140,"column":8},"end":{"line":140,"column":71}},"54":{"start":{"line":141,"column":8},"end":{"line":141,"column":58}},"55":{"start":{"line":144,"column":8},"end":{"line":144,"column":41}},"56":{"start":{"line":145,"column":8},"end":{"line":145,"column":56}},"57":{"start":{"line":147,"column":6},"end":{"line":147,"column":26}},"58":{"start":{"line":148,"column":6},"end":{"line":148,"column":31}},"59":{"start":{"line":149,"column":6},"end":{"line":149,"column":25}},"60":{"start":{"line":150,"column":6},"end":{"line":150,"column":31}},"61":{"start":{"line":152,"column":6},"end":{"line":156,"column":8}},"62":{"start":{"line":161,"column":23},"end":{"line":169,"column":3}},"63":{"start":{"line":162,"column":4},"end":{"line":168,"column":5}},"64":{"start":{"line":163,"column":6},"end":{"line":163,"column":31}},"65":{"start":{"line":164,"column":6},"end":{"line":164,"column":56}},"66":{"start":{"line":165,"column":6},"end":{"line":165,"column":31}},"67":{"start":{"line":167,"column":6},"end":{"line":167,"column":50}},"68":{"start":{"line":172,"column":21},"end":{"line":179,"column":3}},"69":{"start":{"line":173,"column":4},"end":{"line":173,"column":31}},"70":{"start":{"line":174,"column":4},"end":{"line":174,"column":23}},"71":{"start":{"line":175,"column":4},"end":{"line":178,"column":7}},"72":{"start":{"line":182,"column":28},"end":{"line":184,"column":3}},"73":{"start":{"line":183,"column":4},"end":{"line":183,"column":32}},"74":{"start":{"line":187,"column":25},"end":{"line":189,"column":8}},"75":{"start":{"line":188,"column":27},"end":{"line":188,"column":63}},"76":{"start":{"line":192,"column":26},"end":{"line":273,"column":3}},"77":{"start":{"line":201,"column":8},"end":{"line":201,"column":25}},"78":{"start":{"line":215,"column":8},"end":{"line":219,"column":14}},"79":{"start":{"line":228,"column":8},"end":{"line":270,"column":14}},"80":{"start":{"line":239,"column":27},"end":{"line":239,"column":45}},"81":{"start":{"line":247,"column":29},"end":{"line":247,"column":52}},"82":{"start":{"line":265,"column":27},"end":{"line":265,"column":52}},"83":{"start":{"line":276,"column":23},"end":{"line":285,"column":3}},"84":{"start":{"line":287,"column":2},"end":{"line":288,"column":71}},"85":{"start":{"line":288,"column":4},"end":{"line":288,"column":71}},"86":{"start":{"line":290,"column":2},"end":{"line":425,"column":4}},"87":{"start":{"line":305,"column":31},"end":{"line":305,"column":59}},"88":{"start":{"line":314,"column":16},"end":{"line":314,"column":35}},"89":{"start":{"line":315,"column":16},"end":{"line":315,"column":41}},"90":{"start":{"line":316,"column":16},"end":{"line":316,"column":35}},"91":{"start":{"line":328,"column":52},"end":{"line":328,"column":71}},"92":{"start":{"line":337,"column":53},"end":{"line":337,"column":72}},"93":{"start":{"line":347,"column":27},"end":{"line":347,"column":52}},"94":{"start":{"line":359,"column":10},"end":{"line":359,"column":30}},"95":{"start":{"line":360,"column":10},"end":{"line":360,"column":35}},"96":{"start":{"line":361,"column":10},"end":{"line":361,"column":29}},"97":{"start":{"line":363,"column":20},"end":{"line":363,"column":33}}},"fnMap":{"0":{"name":"(anonymous_0)","decl":{"start":{"line":38,"column":18},"end":{"line":38,"column":19}},"loc":{"start":{"line":38,"column":24},"end":{"line":426,"column":1}},"line":38},"1":{"name":"(anonymous_1)","decl":{"start":{"line":55,"column":23},"end":{"line":55,"column":24}},"loc":{"start":{"line":55,"column":34},"end":{"line":74,"column":3}},"line":55},"2":{"name":"(anonymous_2)","decl":{"start":{"line":64,"column":38},"end":{"line":64,"column":39}},"loc":{"start":{"line":64,"column":52},"end":{"line":71,"column":5}},"line":64},"3":{"name":"(anonymous_3)","decl":{"start":{"line":77,"column":23},"end":{"line":77,"column":24}},"loc":{"start":{"line":77,"column":36},"end":{"line":87,"column":3}},"line":77},"4":{"name":"(anonymous_4)","decl":{"start":{"line":90,"column":33},"end":{"line":90,"column":34}},"loc":{"start":{"line":90,"column":45},"end":{"line":110,"column":3}},"line":90},"5":{"name":"(anonymous_5)","decl":{"start":{"line":99,"column":8},"end":{"line":99,"column":9}},"loc":{"start":{"line":99,"column":15},"end":{"line":99,"column":38}},"line":99},"6":{"name":"(anonymous_6)","decl":{"start":{"line":112,"column":12},"end":{"line":112,"column":13}},"loc":{"start":{"line":112,"column":18},"end":{"line":115,"column":3}},"line":112},"7":{"name":"(anonymous_7)","decl":{"start":{"line":118,"column":12},"end":{"line":118,"column":13}},"loc":{"start":{"line":118,"column":18},"end":{"line":121,"column":3}},"line":118},"8":{"name":"(anonymous_8)","decl":{"start":{"line":124,"column":23},"end":{"line":124,"column":24}},"loc":{"start":{"line":124,"column":41},"end":{"line":158,"column":3}},"line":124},"9":{"name":"(anonymous_9)","decl":{"start":{"line":161,"column":23},"end":{"line":161,"column":24}},"loc":{"start":{"line":161,"column":37},"end":{"line":169,"column":3}},"line":161},"10":{"name":"(anonymous_10)","decl":{"start":{"line":172,"column":21},"end":{"line":172,"column":22}},"loc":{"start":{"line":172,"column":33},"end":{"line":179,"column":3}},"line":172},"11":{"name":"(anonymous_11)","decl":{"start":{"line":182,"column":28},"end":{"line":182,"column":29}},"loc":{"start":{"line":182,"column":40},"end":{"line":184,"column":3}},"line":182},"12":{"name":"(anonymous_12)","decl":{"start":{"line":188,"column":20},"end":{"line":188,"column":21}},"loc":{"start":{"line":188,"column":27},"end":{"line":188,"column":63}},"line":188},"13":{"name":"(anonymous_13)","decl":{"start":{"line":200,"column":14},"end":{"line":200,"column":15}},"loc":{"start":{"line":200,"column":39},"end":{"line":202,"column":7}},"line":200},"14":{"name":"(anonymous_14)","decl":{"start":{"line":214,"column":14},"end":{"line":214,"column":15}},"loc":{"start":{"line":215,"column":8},"end":{"line":219,"column":14}},"line":215},"15":{"name":"(anonymous_15)","decl":{"start":{"line":227,"column":14},"end":{"line":227,"column":15}},"loc":{"start":{"line":228,"column":8},"end":{"line":270,"column":14}},"line":228},"16":{"name":"(anonymous_16)","decl":{"start":{"line":239,"column":21},"end":{"line":239,"column":22}},"loc":{"start":{"line":239,"column":27},"end":{"line":239,"column":45}},"line":239},"17":{"name":"(anonymous_17)","decl":{"start":{"line":247,"column":23},"end":{"line":247,"column":24}},"loc":{"start":{"line":247,"column":29},"end":{"line":247,"column":52}},"line":247},"18":{"name":"(anonymous_18)","decl":{"start":{"line":265,"column":21},"end":{"line":265,"column":22}},"loc":{"start":{"line":265,"column":27},"end":{"line":265,"column":52}},"line":265},"19":{"name":"(anonymous_19)","decl":{"start":{"line":305,"column":24},"end":{"line":305,"column":25}},"loc":{"start":{"line":305,"column":31},"end":{"line":305,"column":59}},"line":305},"20":{"name":"(anonymous_20)","decl":{"start":{"line":313,"column":23},"end":{"line":313,"column":24}},"loc":{"start":{"line":313,"column":29},"end":{"line":317,"column":15}},"line":313},"21":{"name":"(anonymous_21)","decl":{"start":{"line":328,"column":44},"end":{"line":328,"column":45}},"loc":{"start":{"line":328,"column":52},"end":{"line":328,"column":71}},"line":328},"22":{"name":"(anonymous_22)","decl":{"start":{"line":337,"column":45},"end":{"line":337,"column":46}},"loc":{"start":{"line":337,"column":53},"end":{"line":337,"column":72}},"line":337},"23":{"name":"(anonymous_23)","decl":{"start":{"line":347,"column":21},"end":{"line":347,"column":22}},"loc":{"start":{"line":347,"column":27},"end":{"line":347,"column":52}},"line":347},"24":{"name":"(anonymous_24)","decl":{"start":{"line":358,"column":18},"end":{"line":358,"column":19}},"loc":{"start":{"line":358,"column":24},"end":{"line":362,"column":9}},"line":358},"25":{"name":"(anonymous_25)","decl":{"start":{"line":363,"column":14},"end":{"line":363,"column":15}},"loc":{"start":{"line":363,"column":20},"end":{"line":363,"column":33}},"line":363}},"branchMap":{"0":{"loc":{"start":{"line":59,"column":4},"end":{"line":62,"column":5}},"type":"if","locations":[{"start":{"line":59,"column":4},"end":{"line":62,"column":5}},{"start":{},"end":{}}],"line":59},"1":{"loc":{"start":{"line":66,"column":8},"end":{"line":69,"column":62}},"type":"binary-expr","locations":[{"start":{"line":66,"column":8},"end":{"line":66,"column":65}},{"start":{"line":67,"column":8},"end":{"line":67,"column":69}},{"start":{"line":68,"column":8},"end":{"line":68,"column":62}},{"start":{"line":69,"column":8},"end":{"line":69,"column":62}}],"line":66},"2":{"loc":{"start":{"line":83,"column":4},"end":{"line":85,"column":5}},"type":"if","locations":[{"start":{"line":83,"column":4},"end":{"line":85,"column":5}},{"start":{},"end":{}}],"line":83},"3":{"loc":{"start":{"line":104,"column":16},"end":{"line":104,"column":30}},"type":"binary-expr","locations":[{"start":{"line":104,"column":16},"end":{"line":104,"column":24}},{"start":{"line":104,"column":28},"end":{"line":104,"column":30}}],"line":104},"4":{"loc":{"start":{"line":113,"column":4},"end":{"line":113,"column":43}},"type":"if","locations":[{"start":{"line":113,"column":4},"end":{"line":113,"column":43}},{"start":{},"end":{}}],"line":113},"5":{"loc":{"start":{"line":129,"column":19},"end":{"line":131,"column":14}},"type":"cond-expr","locations":[{"start":{"line":130,"column":10},"end":{"line":130,"column":56}},{"start":{"line":131,"column":10},"end":{"line":131,"column":14}}],"line":129},"6":{"loc":{"start":{"line":138,"column":6},"end":{"line":146,"column":7}},"type":"if","locations":[{"start":{"line":138,"column":6},"end":{"line":146,"column":7}},{"start":{"line":142,"column":13},"end":{"line":146,"column":7}}],"line":138},"7":{"loc":{"start":{"line":154,"column":10},"end":{"line":154,"column":52}},"type":"binary-expr","locations":[{"start":{"line":154,"column":10},"end":{"line":154,"column":37}},{"start":{"line":154,"column":41},"end":{"line":154,"column":52}}],"line":154},"8":{"loc":{"start":{"line":177,"column":19},"end":{"line":177,"column":72}},"type":"cond-expr","locations":[{"start":{"line":177,"column":40},"end":{"line":177,"column":65}},{"start":{"line":177,"column":68},"end":{"line":177,"column":72}}],"line":177},"9":{"loc":{"start":{"line":187,"column":25},"end":{"line":189,"column":8}},"type":"cond-expr","locations":[{"start":{"line":188,"column":6},"end":{"line":188,"column":64}},{"start":{"line":189,"column":6},"end":{"line":189,"column":8}}],"line":187},"10":{"loc":{"start":{"line":217,"column":11},"end":{"line":217,"column":52}},"type":"cond-expr","locations":[{"start":{"line":217,"column":43},"end":{"line":217,"column":47}},{"start":{"line":217,"column":50},"end":{"line":217,"column":52}}],"line":217},"11":{"loc":{"start":{"line":217,"column":11},"end":{"line":217,"column":40}},"type":"binary-expr","locations":[{"start":{"line":217,"column":11},"end":{"line":217,"column":25}},{"start":{"line":217,"column":29},"end":{"line":217,"column":40}}],"line":217},"12":{"loc":{"start":{"line":287,"column":2},"end":{"line":288,"column":71}},"type":"if","locations":[{"start":{"line":287,"column":2},"end":{"line":288,"column":71}},{"start":{},"end":{}}],"line":287},"13":{"loc":{"start":{"line":293,"column":8},"end":{"line":295,"column":33}},"type":"cond-expr","locations":[{"start":{"line":294,"column":12},"end":{"line":294,"column":55}},{"start":{"line":295,"column":12},"end":{"line":295,"column":33}}],"line":293},"14":{"loc":{"start":{"line":298,"column":8},"end":{"line":322,"column":9}},"type":"binary-expr","locations":[{"start":{"line":298,"column":8},"end":{"line":298,"column":25}},{"start":{"line":299,"column":10},"end":{"line":321,"column":18}}],"line":298},"15":{"loc":{"start":{"line":325,"column":7},"end":{"line":352,"column":7}},"type":"cond-expr","locations":[{"start":{"line":326,"column":8},"end":{"line":331,"column":10}},{"start":{"line":333,"column":8},"end":{"line":351,"column":11}}],"line":325},"16":{"loc":{"start":{"line":334,"column":11},"end":{"line":343,"column":11}},"type":"cond-expr","locations":[{"start":{"line":335,"column":12},"end":{"line":340,"column":14}},{"start":{"line":342,"column":12},"end":{"line":342,"column":51}}],"line":334},"17":{"loc":{"start":{"line":356,"column":15},"end":{"line":356,"column":69}},"type":"cond-expr","locations":[{"start":{"line":356,"column":33},"end":{"line":356,"column":48}},{"start":{"line":356,"column":51},"end":{"line":356,"column":69}}],"line":356}},"s":{"0":1,"1":1,"2":1,"3":1,"4":86,"5":86,"6":86,"7":86,"8":86,"9":86,"10":86,"11":86,"12":86,"13":86,"14":86,"15":86,"16":38,"17":38,"18":38,"19":37,"20":37,"21":1,"22":3,"23":1,"24":86,"25":5,"26":5,"27":5,"28":5,"29":5,"30":2,"31":5,"32":86,"33":20,"34":20,"35":20,"36":19,"37":15,"38":19,"39":19,"40":19,"41":1,"42":20,"43":86,"44":17,"45":17,"46":86,"47":36,"48":86,"49":5,"50":5,"51":5,"52":5,"53":3,"54":1,"55":2,"56":1,"57":2,"58":2,"59":2,"60":2,"61":3,"62":86,"63":2,"64":2,"65":1,"66":1,"67":1,"68":86,"69":3,"70":3,"71":3,"72":86,"73":3,"74":86,"75":2,"76":86,"77":23,"78":23,"79":23,"80":3,"81":2,"82":3,"83":86,"84":86,"85":18,"86":68,"87":2,"88":4,"89":4,"90":4,"91":38,"92":2,"93":1,"94":0,"95":0,"96":0,"97":6},"f":{"0":86,"1":38,"2":3,"3":5,"4":20,"5":15,"6":17,"7":36,"8":5,"9":2,"10":3,"11":3,"12":2,"13":23,"14":23,"15":23,"16":3,"17":2,"18":3,"19":2,"20":4,"21":38,"22":2,"23":1,"24":0,"25":6},"b":{"0":[37,1],"1":[3,2,2,2],"2":[2,3],"3":[19,0],"4":[17,0],"5":[1,4],"6":[3,2],"7":[3,2],"8":[1,2],"9":[3,83],"10":[1,22],"11":[23,2],"12":[18,68],"13":[3,65],"14":[68,65],"15":[65,3],"16":[2,1],"17":[3,65]},"_coverageSchema":"1a1c01bbd47fc00a2c39e90264f33305004495a9","hash":"bb6e7a2e5db0cd4c28ec37664b673533537f7e74"}
}
