TN:
SF:src\pages\dealer\Customers\Customers.jsx
FN:38,(anonymous_0)
FN:55,(anonymous_1)
FN:64,(anonymous_2)
FN:77,(anonymous_3)
FN:90,(anonymous_4)
FN:99,(anonymous_5)
FN:112,(anonymous_6)
FN:118,(anonymous_7)
FN:124,(anonymous_8)
FN:161,(anonymous_9)
FN:172,(anonymous_10)
FN:182,(anonymous_11)
FN:188,(anonymous_12)
FN:200,(anonymous_13)
FN:214,(anonymous_14)
FN:227,(anonymous_15)
FN:239,(anonymous_16)
FN:247,(anonymous_17)
FN:265,(anonymous_18)
FN:305,(anonymous_19)
FN:313,(anonymous_20)
FN:328,(anonymous_21)
FN:337,(anonymous_22)
FN:347,(anonymous_23)
FN:358,(anonymous_24)
FN:363,(anonymous_25)
FNF:26
FNH:25
FNDA:86,(anonymous_0)
FNDA:38,(anonymous_1)
FNDA:3,(anonymous_2)
FNDA:5,(anonymous_3)
FNDA:20,(anonymous_4)
FNDA:15,(anonymous_5)
FNDA:17,(anonymous_6)
FNDA:36,(anonymous_7)
FNDA:5,(anonymous_8)
FNDA:2,(anonymous_9)
FNDA:3,(anonymous_10)
FNDA:3,(anonymous_11)
FNDA:2,(anonymous_12)
FNDA:23,(anonymous_13)
FNDA:23,(anonymous_14)
FNDA:23,(anonymous_15)
FNDA:3,(anonymous_16)
FNDA:2,(anonymous_17)
FNDA:3,(anonymous_18)
FNDA:2,(anonymous_19)
FNDA:4,(anonymous_20)
FNDA:38,(anonymous_21)
FNDA:2,(anonymous_22)
FNDA:1,(anonymous_23)
FNDA:0,(anonymous_24)
FNDA:6,(anonymous_25)
DA:34,1
DA:35,1
DA:36,1
DA:38,1
DA:39,86
DA:40,86
DA:41,86
DA:42,86
DA:43,86
DA:44,86
DA:45,86
DA:48,86
DA:49,86
DA:51,86
DA:52,86
DA:55,86
DA:56,38
DA:57,38
DA:59,38
DA:60,37
DA:61,37
DA:64,1
DA:65,3
DA:73,1
DA:77,86
DA:78,5
DA:79,5
DA:80,5
DA:81,5
DA:83,5
DA:84,2
DA:86,5
DA:90,86
DA:91,20
DA:92,20
DA:93,20
DA:98,19
DA:99,15
DA:102,19
DA:103,19
DA:104,19
DA:106,1
DA:108,20
DA:112,86
DA:113,17
DA:118,86
DA:119,36
DA:124,86
DA:126,5
DA:135,5
DA:137,5
DA:138,5
DA:140,3
DA:141,1
DA:144,2
DA:145,1
DA:147,2
DA:148,2
DA:149,2
DA:150,2
DA:152,3
DA:161,86
DA:162,2
DA:163,2
DA:164,1
DA:165,1
DA:167,1
DA:172,86
DA:173,3
DA:174,3
DA:175,3
DA:182,86
DA:183,3
DA:187,86
DA:188,2
DA:192,86
DA:201,23
DA:215,23
DA:228,23
DA:239,3
DA:247,2
DA:265,3
DA:276,86
DA:287,86
DA:288,18
DA:290,68
DA:305,2
DA:314,4
DA:315,4
DA:316,4
DA:328,38
DA:337,2
DA:347,1
DA:359,0
DA:360,0
DA:361,0
DA:363,6
LF:97
LH:94
BRDA:59,0,0,37
BRDA:59,0,1,1
BRDA:66,1,0,3
BRDA:66,1,1,2
BRDA:66,1,2,2
BRDA:66,1,3,2
BRDA:83,2,0,2
BRDA:83,2,1,3
BRDA:104,3,0,19
BRDA:104,3,1,0
BRDA:113,4,0,17
BRDA:113,4,1,0
BRDA:129,5,0,1
BRDA:129,5,1,4
BRDA:138,6,0,3
BRDA:138,6,1,2
BRDA:154,7,0,3
BRDA:154,7,1,2
BRDA:177,8,0,1
BRDA:177,8,1,2
BRDA:187,9,0,3
BRDA:187,9,1,83
BRDA:217,10,0,1
BRDA:217,10,1,22
BRDA:217,11,0,23
BRDA:217,11,1,2
BRDA:287,12,0,18
BRDA:287,12,1,68
BRDA:293,13,0,3
BRDA:293,13,1,65
BRDA:298,14,0,68
BRDA:298,14,1,65
BRDA:325,15,0,65
BRDA:325,15,1,3
BRDA:334,16,0,2
BRDA:334,16,1,1
BRDA:356,17,0,3
BRDA:356,17,1,65
BRF:38
BRH:36
end_of_record
